[0705/115308:ERROR:process_info.cc(608)] range at 0xfe8c3000, size 0x230 fully unreadable
[0705/115308:ERROR:process_info.cc(608)] range at 0xfe8cc000, size 0xf84 fully unreadable
[0705/115308:ERROR:process_info.cc(608)] range at 0xfe8c9000, size 0xf84 fully unreadable
[0705/115308:ERROR:process_info.cc(608)] range at 0xfe8c6000, size 0xf84 fully unreadable
[0705/115308:ERROR:process_info.cc(608)] range at 0xfe79f000, size 0xf84 fully unreadable
[0705/115308:ERROR:process_info.cc(608)] range at 0xfe79c000, size 0xf84 fully unreadable
[0705/115308:ERROR:process_info.cc(608)] range at 0xfe799000, size 0xf84 fully unreadable
[0705/115308:ERROR:process_info.cc(608)] range at 0xfe796000, size 0xf84 fully unreadable
[0705/115308:ERROR:process_info.cc(608)] range at 0xfe793000, size 0xf84 fully unreadable
[0705/115308:ERROR:process_info.cc(608)] range at 0xfe790000, size 0xf84 fully unreadable
[0705/115308:ERROR:process_info.cc(608)] range at 0xfe78d000, size 0xf84 fully unreadable
[0705/115308:ERROR:process_info.cc(608)] range at 0xfe78a000, size 0xf84 fully unreadable
[0705/115308:ERROR:scoped_process_suspend.cc(38)] NtResumeProcess, ntstatus=-1073741558
[0706/133406:ERROR:process_info.cc(330)] VirtualQueryEx: Access is denied. (0x5)
[0706/133406:ERROR:process_info.cc(547)] ReadMemoryInfo failed
[0706/133406:ERROR:process_info.cc(608)] range at 0xff2cb000, size 0x230 fully unreadable
[0706/133406:ERROR:process_info.cc(608)] range at 0x0, size 0x24 fully unreadable
[0706/133406:ERROR:process_reader_win.cc(232)] ReadMemory at 0x0 of 36 bytes failed: Only part of a ReadProcessMemory or WriteProcessMemory request was completed. (0x12B)
[0706/133406:ERROR:process_snapshot_win.cc(357)] ReadMemory PEB_LDR_DATA
[0706/133406:ERROR:process_reader_win.cc(232)] ReadMemory at 0x0 of 784 bytes failed: Only part of a ReadProcessMemory or WriteProcessMemory request was completed. (0x12B)
[0706/133406:ERROR:process_snapshot_win.cc(380)] ReadMemory RTL_USER_PROCESS_PARAMETERS
[0706/133406:ERROR:process_reader_win.cc(141)] SuspendThread: Access is denied. (0x5)
[0706/133406:ERROR:exception_snapshot_win.cc(57)] thread ID 0 not found in process
[0706/133406:WARNING:crash_report_exception_handler.cc(60)] ProcessSnapshotWin::InitializeException failed
[0706/133406:ERROR:scoped_process_suspend.cc(38)] NtResumeProcess, ntstatus=-1073741558
